{"uid":"d3b1a819732fb721","name":"testMethod1","fullName":"Exercises.LessonTwentyOne.TestWithDataProvider.testMethod1","historyId":"df39fa0bf7394b08515ee33a536dd7de","time":{"start":1674398336038,"stop":1674398342731,"duration":6693},"status":"failed","statusMessage":"Verify login success popup detail message expected [Just using for test] but found [You are logged in!]","statusTrace":"java.lang.AssertionError: Verify login success popup detail message expected [Just using for test] but found [You are logged in!]\r\n\tat org.testng.Assert.fail(Assert.java:96)\r\n\tat org.testng.Assert.failNotEquals(Assert.java:776)\r\n\tat org.testng.Assert.assertEqualsImpl(Assert.java:137)\r\n\tat org.testng.Assert.assertEquals(Assert.java:118)\r\n\tat org.testng.Assert.assertEquals(Assert.java:453)\r\n\tat TestFlow.AllTestFlow.LoginTestFlowWithHardAssert.verifyCorrectEmailAndPassword(LoginTestFlowWithHardAssert.java:77)\r\n\tat TestFlow.AllTestFlow.LoginTestFlowWithHardAssert.verifyLogin(LoginTestFlowWithHardAssert.java:47)\r\n\tat TestFlow.AllTestFlow.LoginTestFlowWithHardAssert.performLogin(LoginTestFlowWithHardAssert.java:32)\r\n\tat Exercises.LessonTwentyOne.TestWithDataProvider.testMethod1(TestWithDataProvider.java:16)\r\n\tat sun.reflect.NativeMethodAccessorImpl.invoke0(Native Method)\r\n\tat sun.reflect.NativeMethodAccessorImpl.invoke(NativeMethodAccessorImpl.java:62)\r\n\tat sun.reflect.DelegatingMethodAccessorImpl.invoke(DelegatingMethodAccessorImpl.java:43)\r\n\tat java.lang.reflect.Method.invoke(Method.java:498)\r\n\tat org.testng.internal.MethodInvocationHelper.invokeMethod(MethodInvocationHelper.java:124)\r\n\tat org.testng.internal.Invoker.invokeMethod(Invoker.java:583)\r\n\tat org.testng.internal.Invoker.invokeTestMethod(Invoker.java:719)\r\n\tat org.testng.internal.Invoker.invokeTestMethods(Invoker.java:989)\r\n\tat org.testng.internal.TestMethodWorker.invokeTestMethods(TestMethodWorker.java:125)\r\n\tat org.testng.internal.TestMethodWorker.run(TestMethodWorker.java:109)\r\n\tat org.testng.TestRunner.privateRun(TestRunner.java:648)\r\n\tat org.testng.TestRunner.run(TestRunner.java:505)\r\n\tat org.testng.SuiteRunner.runTest(SuiteRunner.java:455)\r\n\tat org.testng.SuiteRunner.access$000(SuiteRunner.java:40)\r\n\tat org.testng.SuiteRunner$SuiteWorker.run(SuiteRunner.java:489)\r\n\tat org.testng.internal.thread.ThreadUtil$1.call(ThreadUtil.java:52)\r\n\tat java.util.concurrent.FutureTask.run(FutureTask.java:266)\r\n\tat java.util.concurrent.ThreadPoolExecutor.runWorker(ThreadPoolExecutor.java:1149)\r\n\tat java.util.concurrent.ThreadPoolExecutor$Worker.run(ThreadPoolExecutor.java:624)\r\n\tat java.lang.Thread.run(Thread.java:748)\r\n","flaky":false,"newFailed":false,"newBroken":false,"newPassed":false,"retriesCount":0,"retriesStatusChange":false,"beforeStages":[{"name":"initAppiumSession","time":{"start":1674398313276,"stop":1674398313286,"duration":10},"description":"","status":"passed","steps":[],"attachments":[],"parameters":[],"stepsCount":0,"hasContent":false,"shouldDisplayMessage":false,"attachmentsCount":0}],"testStage":{"status":"failed","statusMessage":"Verify login success popup detail message expected [Just using for test] but found [You are logged in!]","statusTrace":"java.lang.AssertionError: Verify login success popup detail message expected [Just using for test] but found [You are logged in!]\r\n\tat org.testng.Assert.fail(Assert.java:96)\r\n\tat org.testng.Assert.failNotEquals(Assert.java:776)\r\n\tat org.testng.Assert.assertEqualsImpl(Assert.java:137)\r\n\tat org.testng.Assert.assertEquals(Assert.java:118)\r\n\tat org.testng.Assert.assertEquals(Assert.java:453)\r\n\tat TestFlow.AllTestFlow.LoginTestFlowWithHardAssert.verifyCorrectEmailAndPassword(LoginTestFlowWithHardAssert.java:77)\r\n\tat TestFlow.AllTestFlow.LoginTestFlowWithHardAssert.verifyLogin(LoginTestFlowWithHardAssert.java:47)\r\n\tat TestFlow.AllTestFlow.LoginTestFlowWithHardAssert.performLogin(LoginTestFlowWithHardAssert.java:32)\r\n\tat Exercises.LessonTwentyOne.TestWithDataProvider.testMethod1(TestWithDataProvider.java:16)\r\n\tat sun.reflect.NativeMethodAccessorImpl.invoke0(Native Method)\r\n\tat sun.reflect.NativeMethodAccessorImpl.invoke(NativeMethodAccessorImpl.java:62)\r\n\tat sun.reflect.DelegatingMethodAccessorImpl.invoke(DelegatingMethodAccessorImpl.java:43)\r\n\tat java.lang.reflect.Method.invoke(Method.java:498)\r\n\tat org.testng.internal.MethodInvocationHelper.invokeMethod(MethodInvocationHelper.java:124)\r\n\tat org.testng.internal.Invoker.invokeMethod(Invoker.java:583)\r\n\tat org.testng.internal.Invoker.invokeTestMethod(Invoker.java:719)\r\n\tat org.testng.internal.Invoker.invokeTestMethods(Invoker.java:989)\r\n\tat org.testng.internal.TestMethodWorker.invokeTestMethods(TestMethodWorker.java:125)\r\n\tat org.testng.internal.TestMethodWorker.run(TestMethodWorker.java:109)\r\n\tat org.testng.TestRunner.privateRun(TestRunner.java:648)\r\n\tat org.testng.TestRunner.run(TestRunner.java:505)\r\n\tat org.testng.SuiteRunner.runTest(SuiteRunner.java:455)\r\n\tat org.testng.SuiteRunner.access$000(SuiteRunner.java:40)\r\n\tat org.testng.SuiteRunner$SuiteWorker.run(SuiteRunner.java:489)\r\n\tat org.testng.internal.thread.ThreadUtil$1.call(ThreadUtil.java:52)\r\n\tat java.util.concurrent.FutureTask.run(FutureTask.java:266)\r\n\tat java.util.concurrent.ThreadPoolExecutor.runWorker(ThreadPoolExecutor.java:1149)\r\n\tat java.util.concurrent.ThreadPoolExecutor$Worker.run(ThreadPoolExecutor.java:624)\r\n\tat java.lang.Thread.run(Thread.java:748)\r\n","steps":[{"name":"Input the user name with value NguyenVanTeo@abc.com","time":{"start":1674398336166,"stop":1674398337306,"duration":1140},"status":"passed","steps":[],"attachments":[],"parameters":[{"name":"username","value":"NguyenVanTeo@abc.com"}],"stepsCount":0,"hasContent":true,"shouldDisplayMessage":false,"attachmentsCount":0},{"name":"Input the password with value 12345678","time":{"start":1674398337306,"stop":1674398339084,"duration":1778},"status":"passed","steps":[],"attachments":[],"parameters":[{"name":"password","value":"12345678"}],"stepsCount":0,"hasContent":true,"shouldDisplayMessage":false,"attachmentsCount":0},{"name":"Click on the Login button","time":{"start":1674398339085,"stop":1674398339879,"duration":794},"status":"passed","steps":[],"attachments":[],"parameters":[],"stepsCount":0,"hasContent":false,"shouldDisplayMessage":false,"attachmentsCount":0}],"attachments":[],"parameters":[],"stepsCount":3,"hasContent":true,"shouldDisplayMessage":true,"attachmentsCount":0},"afterStages":[{"name":"takeErrorScreenShot","time":{"start":1674398342750,"stop":1674398344410,"duration":1660},"description":"","status":"passed","steps":[],"attachments":[{"uid":"9fe7c6ffbbbd980d","name":"testMethod1","source":"9fe7c6ffbbbd980d.png","type":"image/png","size":101083}],"parameters":[],"stepsCount":0,"hasContent":true,"shouldDisplayMessage":false,"attachmentsCount":1},{"name":"closeAppiumSession","time":{"start":1674398344420,"stop":1674398345152,"duration":732},"description":"","status":"passed","steps":[],"attachments":[],"parameters":[],"stepsCount":0,"hasContent":false,"shouldDisplayMessage":false,"attachmentsCount":0}],"labels":[{"name":"package","value":"Exercises.LessonTwentyOne.TestWithDataProvider"},{"name":"testClass","value":"Exercises.LessonTwentyOne.TestWithDataProvider"},{"name":"testMethod","value":"testMethod1"},{"name":"parentSuite","value":"Regression"},{"name":"suite","value":"Test Login Screen With Data Provider"},{"name":"subSuite","value":"Exercises.LessonTwentyOne.TestWithDataProvider"},{"name":"host","value":"AndresLaptop"},{"name":"thread","value":"13160@AndresLaptop.TestNG-tests-1(16)"},{"name":"framework","value":"testng"},{"name":"language","value":"java"},{"name":"resultFormat","value":"allure2"}],"parameters":[{"name":"arg0","value":"Exercises.LessonNineteen.LoginCredential@16d47101"},{"name":"systemPort","value":"6000"},{"name":"udid","value":"emulator-5554"}],"links":[],"hidden":false,"retry":false,"extra":{"severity":"normal","retries":[],"categories":[{"name":"Product defects","matchedStatuses":[],"flaky":false}],"tags":[]},"source":"d3b1a819732fb721.json","parameterValues":["Exercises.LessonNineteen.LoginCredential@16d47101","6000","emulator-5554"]}